[INF][05/04/2018 11:46:32] Hooking dom-ready
[INF][05/04/2018 11:46:32] Checking data/cache
[INF][05/04/2018 11:46:32] Using repository: rauenzi and branch: master
[INF][05/04/2018 11:46:32] Getting latest hash
[INF][05/04/2018 11:46:33] Downloading Resource: api.github.com/repos/rauenzi/BetterDiscordApp/commits/master
[INF][05/04/2018 11:46:34] Hash: c776f7cee4454ceacc0b3ebbd8788b53646b1b60
[INF][05/04/2018 11:46:34] Getting updater
[INF][05/04/2018 11:46:35] Downloading Resource: raw.githubusercontent.com/rauenzi/BetterDiscordApp/c776f7cee4454ceacc0b3ebbd8788b53646b1b60/data/updater.json
[INF][05/04/2018 11:46:35] Hooked dom-ready
[INF][05/04/2018 11:46:35] Latest Version: 0.2.7
[INF][05/04/2018 11:46:35] Using CDN: cdn.rawgit.com
[INF][05/04/2018 11:46:35] Updating ext data
[INF][05/04/2018 11:46:35] Loading
[INF][05/04/2018 11:46:35] Hooking ipc async
[INF][05/04/2018 11:46:35] Hooked ipc async
[INF][05/04/2018 11:46:35] Loading Resource (jQuery)
[INF][05/04/2018 11:46:35] Loading Resource (jQueryCookie)
[INF][05/04/2018 11:46:35] Loading Resource (Main CSS)
[INF][05/04/2018 11:46:35] Loading Resource (Main JS)
[INF][05/04/2018 11:46:35] Starting Up
